<?xml version="1.0" encoding="UTF-8"?>
<!-- Generated by org.testng.reporters.JUnitXMLReporter -->
<testsuite ignored="2" hostname="ANIL" failures="0" tests="1" name="Default test" time="20.565" errors="0" timestamp="2024-02-25T19:21:20 IST">
  <testcase classname="TESTNG.test" name="popup" time="9.13"/>
  <testcase classname="TESTNG.test" name="readdata" time="0.0">
    <ignored/>
  </testcase> <!-- readdata -->
  <testcase classname="TESTNG.test" name="login" time="0.0">
    <ignored/>
  </testcase> <!-- login -->
</testsuite> <!-- Default test -->
