<?xml version="1.0" encoding="UTF-8"?>
<!-- Generated by org.testng.reporters.JUnitXMLReporter -->
<testsuite ignored="6" hostname="ANIL" failures="0" tests="1" name="Test" time="21.565" errors="0" timestamp="2024-03-08T15:49:45 IST">
  <testcase classname="newproject1.test" name="popups" time="4.059"/>
  <testcase classname="newproject1.test" name="exceldata" time="0.0">
    <ignored/>
  </testcase> <!-- exceldata -->
  <testcase classname="newproject1.test" name="vaits" time="0.0">
    <ignored/>
  </testcase> <!-- vaits -->
  <testcase classname="newproject1.test" name="getalllink" time="0.0">
    <ignored/>
  </testcase> <!-- getalllink -->
  <testcase classname="newproject1.test" name="page" time="0.0">
    <ignored/>
  </testcase> <!-- page -->
  <testcase classname="newproject1.test" name="dropdown" time="0.0">
    <ignored/>
  </testcase> <!-- dropdown -->
  <testcase classname="newproject1.test" name="iframe" time="0.0">
    <ignored/>
  </testcase> <!-- iframe -->
</testsuite> <!-- Test -->
