<?xml version="1.0" encoding="UTF-8"?>
<testng-results ignored="2" total="3" passed="1" failed="0" skipped="0">
  <reporter-output>
  </reporter-output>
  <suite started-at="2024-02-25T19:21:00 IST" name="Default suite" finished-at="2024-02-25T19:21:20 IST" duration-ms="20565">
    <groups>
    </groups>
    <test started-at="2024-02-25T19:21:00 IST" name="Default test" finished-at="2024-02-25T19:21:20 IST" duration-ms="20565">
      <class name="TESTNG.test">
        <test-method is-config="true" signature="openbrowser()[pri:0, instance:TESTNG.test@4f18837a]" started-at="2024-02-25T19:21:00 IST" name="openbrowser" finished-at="2024-02-25T19:21:05 IST" duration-ms="5050" status="PASS">
          <reporter-output>
          </reporter-output>
        </test-method> <!-- openbrowser -->
        <test-method signature="popup()[pri:0, instance:TESTNG.test@4f18837a]" started-at="2024-02-25T19:21:05 IST" name="popup" finished-at="2024-02-25T19:21:14 IST" duration-ms="9130" status="PASS">
          <reporter-output>
          </reporter-output>
        </test-method> <!-- popup -->
        <test-method is-config="true" signature="closebrowser()[pri:0, instance:TESTNG.test@4f18837a]" started-at="2024-02-25T19:21:14 IST" name="closebrowser" finished-at="2024-02-25T19:21:20 IST" duration-ms="6320" status="PASS">
          <reporter-output>
          </reporter-output>
        </test-method> <!-- closebrowser -->
      </class> <!-- TESTNG.test -->
    </test> <!-- Default test -->
  </suite> <!-- Default suite -->
</testng-results>
