<?xml version="1.0" encoding="UTF-8"?>
<testng-results ignored="0" total="1" passed="0" failed="1" skipped="0">
  <reporter-output>
  </reporter-output>
  <suite started-at="2024-02-28T22:43:26 IST" name="Default suite" finished-at="2024-02-28T22:43:46 IST" duration-ms="20650">
    <groups>
    </groups>
    <test started-at="2024-02-28T22:43:26 IST" name="Default test" finished-at="2024-02-28T22:43:46 IST" duration-ms="20650">
      <class name="TESTNG.test2">
        <test-method is-config="true" signature="openbrowser()[pri:0, instance:TESTNG.test2@44ebcd03]" started-at="2024-02-28T22:43:26 IST" name="openbrowser" finished-at="2024-02-28T22:43:36 IST" duration-ms="10297" status="PASS">
          <reporter-output>
          </reporter-output>
        </test-method> <!-- openbrowser -->
        <test-method signature="page()[pri:0, instance:TESTNG.test2@44ebcd03]" started-at="2024-02-28T22:43:36 IST" name="page" finished-at="2024-02-28T22:43:43 IST" duration-ms="7017" status="FAIL">
          <exception class="java.lang.ClassCastException">
            <message>
              <![CDATA[class sun.net.www.protocol.http.HttpURLConnection cannot be cast to class javax.net.ssl.HttpsURLConnection (sun.net.www.protocol.http.HttpURLConnection and javax.net.ssl.HttpsURLConnection are in module java.base of loader 'bootstrap')]]>
            </message>
            <full-stacktrace>
              <![CDATA[java.lang.ClassCastException: class sun.net.www.protocol.http.HttpURLConnection cannot be cast to class javax.net.ssl.HttpsURLConnection (sun.net.www.protocol.http.HttpURLConnection and javax.net.ssl.HttpsURLConnection are in module java.base of loader 'bootstrap')
at TESTNG.test2.page(test2.java:100)
at java.base/jdk.internal.reflect.DirectMethodHandleAccessor.invoke(DirectMethodHandleAccessor.java:104)
at java.base/java.lang.reflect.Method.invoke(Method.java:578)
at org.testng.internal.MethodInvocationHelper.invokeMethod(MethodInvocationHelper.java:133)
at org.testng.internal.TestInvoker.invokeMethod(TestInvoker.java:598)
at org.testng.internal.TestInvoker.invokeTestMethod(TestInvoker.java:173)
at org.testng.internal.MethodRunner.runInSequence(MethodRunner.java:46)
at org.testng.internal.TestInvoker$MethodInvocationAgent.invoke(TestInvoker.java:824)
at org.testng.internal.TestInvoker.invokeTestMethods(TestInvoker.java:146)
at org.testng.internal.TestMethodWorker.invokeTestMethods(TestMethodWorker.java:146)
at org.testng.internal.TestMethodWorker.run(TestMethodWorker.java:128)
at java.base/java.util.ArrayList.forEach(ArrayList.java:1511)
at org.testng.TestRunner.privateRun(TestRunner.java:794)
at org.testng.TestRunner.run(TestRunner.java:596)
at org.testng.SuiteRunner.runTest(SuiteRunner.java:377)
at org.testng.SuiteRunner.runSequentially(SuiteRunner.java:371)
at org.testng.SuiteRunner.privateRun(SuiteRunner.java:332)
at org.testng.SuiteRunner.run(SuiteRunner.java:276)
at org.testng.SuiteRunnerWorker.runSuite(SuiteRunnerWorker.java:53)
at org.testng.SuiteRunnerWorker.run(SuiteRunnerWorker.java:96)
at org.testng.TestNG.runSuitesSequentially(TestNG.java:1212)
at org.testng.TestNG.runSuitesLocally(TestNG.java:1134)
at org.testng.TestNG.runSuites(TestNG.java:1063)
at org.testng.TestNG.run(TestNG.java:1031)
at org.testng.remote.AbstractRemoteTestNG.run(AbstractRemoteTestNG.java:115)
at org.testng.remote.RemoteTestNG.initAndRun(RemoteTestNG.java:251)
at org.testng.remote.RemoteTestNG.main(RemoteTestNG.java:77)
]]>
            </full-stacktrace>
          </exception> <!-- java.lang.ClassCastException -->
          <reporter-output>
          </reporter-output>
        </test-method> <!-- page -->
        <test-method is-config="true" signature="closebrowser()[pri:0, instance:TESTNG.test2@44ebcd03]" started-at="2024-02-28T22:43:43 IST" name="closebrowser" finished-at="2024-02-28T22:43:46 IST" duration-ms="3278" status="PASS">
          <reporter-output>
          </reporter-output>
        </test-method> <!-- closebrowser -->
      </class> <!-- TESTNG.test2 -->
    </test> <!-- Default test -->
  </suite> <!-- Default suite -->
</testng-results>
